<?xml version="1.0" encoding="UTF-8"?>
<testng-results skipped="0" failed="0" ignored="0" total="1" passed="1">
  <reporter-output>
  </reporter-output>
  <suite name="Default suite" duration-ms="2563" started-at="2020-05-17T16:13:02Z" finished-at="2020-05-17T16:13:05Z">
    <groups>
    </groups>
    <test name="Default test" duration-ms="2563" started-at="2020-05-17T16:13:02Z" finished-at="2020-05-17T16:13:05Z">
      <class name="ApiAutomationProject.ApiAutomation.PostRequest">
        <test-method status="PASS" signature="UsingPojo()[pri:2, instance:ApiAutomationProject.ApiAutomation.PostRequest@548a9f61]" name="UsingPojo" duration-ms="2520" started-at="2020-05-17T21:43:02Z" finished-at="2020-05-17T21:43:05Z">
          <reporter-output>
          </reporter-output>
        </test-method> <!-- UsingPojo -->
      </class> <!-- ApiAutomationProject.ApiAutomation.PostRequest -->
    </test> <!-- Default test -->
  </suite> <!-- Default suite -->
</testng-results>
